<?xml version="1.0" encoding="UTF-8"?>
<testsuites name="Mocha Tests" time="0.1620" tests="1" failures="1">
  <testsuite name="Root Suite" timestamp="2021-05-26T20:11:32" tests="0" time="0.0000" failures="0">
  </testsuite>
  <testsuite name="Load" timestamp="2021-05-26T20:11:32" tests="1" file="/home/pavel/testing/blueprints/playwright/Tests/test.js" time="0.1620" failures="1">
    <testcase name="Load &quot;before each&quot; hook for &quot;Load page&quot;" time="0.1620" classname="&quot;before each&quot; hook for &quot;Load page&quot;">
      <failure message="page.goto: Protocol error (Page.navigate): Cannot navigate to invalid URL
=========================== logs ===========================
navigating to &quot;&quot;, waiting until &quot;load&quot;
============================================================
Note: use DEBUG=pw:api environment variable to capture Playwright logs." type="Error"><![CDATA[page.goto: Protocol error (Page.navigate): Cannot navigate to invalid URL
=========================== logs ===========================
navigating to "", waiting until "load"
============================================================
Note: use DEBUG=pw:api environment variable to capture Playwright logs.
Error
    at Object.captureStackTrace (node_modules/playwright/lib/utils/stackTrace.js:50:19)
    at Connection.sendMessageToServer (node_modules/playwright/lib/client/connection.js:65:48)
    at Proxy.<anonymous> (node_modules/playwright/lib/client/channelOwner.js:64:61)
    at /home/pavel/testing/blueprints/playwright/node_modules/playwright/lib/client/frame.js:102:65
    at Frame._wrapApiCall (node_modules/playwright/lib/client/channelOwner.js:77:34)
    at Frame.goto (node_modules/playwright/lib/client/frame.js:100:21)
    at /home/pavel/testing/blueprints/playwright/node_modules/playwright/lib/client/page.js:303:60
    at Page._attributeToPage (node_modules/playwright/lib/client/page.js:238:20)
    at Page.goto (node_modules/playwright/lib/client/page.js:303:21)
    at Context.<anonymous> (file:///home/pavel/testing/blueprints/playwright/Tests/test.js:27:20)]]></failure>
    </testcase>
  </testsuite>
</testsuites>